<!DOCTYPE rapport SYSTEM "Fichiers-fournis/rap1.dtd"> 
<rapport>
  <titre>Réaliser un compilateur</titre>
  <auteur>
    <prenom> Nino </prenom>
    <nom> Silverio </nom>
  </auteur>
  <resume> Ceci est extrait du livre "Réaliser un compilateur
    :
    les outils Lex et Yacc" de Nino Silverio. </resume>
  <chapitre titre="Introduction : concepts de base">
    <section titre="Fonctions et structure d'un
      compilateur">
    </section>
  </chapitre>
</rapport>""""""""
